<?xml version="1.0" encoding="UTF-8"?>
<!-- Generated by org.testng.reporters.JUnitReportReporter -->
<testsuite skipped="0" hostname="Pooja-PC" name="testng.CustomerTest" tests="2" failures="0" timestamp="02 May 2019 11:42:55 GMT" time="0.032" errors="0">
  <testcase name="createCustomerTest" time="0.032" classname="testng.CustomerTest"/>
  <testcase name="modifyCustomerTest" time="0.000" classname="testng.CustomerTest"/>
</testsuite> <!-- testng.CustomerTest -->
