<?xml version="1.0" encoding="UTF-8"?>
<!-- Generated by org.testng.reporters.JUnitReportReporter -->
<testsuite skipped="0" hostname="Pooja-PC" name="testng.NewTest" tests="3" failures="0" timestamp="29 Apr 2019 15:52:51 GMT" time="0.034" errors="0">
  <testcase name="delete" time="0.026" classname="testng.NewTest"/>
  <testcase name="createCustomer" time="0.005" classname="testng.NewTest"/>
  <testcase name="modify" time="0.003" classname="testng.NewTest"/>
</testsuite> <!-- testng.NewTest -->
