<?xml version="1.0" encoding="UTF-8"?>
<!-- Generated by org.testng.reporters.JUnitReportReporter -->
<testsuite skipped="0" hostname="Pooja-PC" name="testng.CustomerTest_withAll_Annotation" tests="2" failures="0" timestamp="02 May 2019 12:07:40 GMT" time="0.016" errors="0">
  <testcase name="createCustomerTest" time="0.016" classname="testng.CustomerTest_withAll_Annotation"/>
  <testcase name="modifyCustomerTest" time="0.000" classname="testng.CustomerTest_withAll_Annotation"/>
</testsuite> <!-- testng.CustomerTest_withAll_Annotation -->
